This is pdfTeX, Version 3.141592653-2.6-1.40.26 (MiKTeX 24.3) (preloaded format=pdflatex 2024.3.27)  25 MAY 2024 19:51
entering extended mode
 restricted \write18 enabled.
 file:line:error style messages enabled.
 %&-line parsing enabled.
**"c:/Users/annal/Documents/UFRJ/Sistemas Digitais/Projeto_ULA/Relatorio do Projeto/Relatorio_Projeto_ ULA_de_8_operacoes.tex"
(c:/Users/annal/Documents/UFRJ/Sistemas Digitais/Projeto_ULA/Relatorio do Projeto/Relatorio_Projeto_ ULA_de_8_operacoes.tex
LaTeX2e <2023-11-01> patch level 1
L3 programming layer <2024-03-14>
(C:\Users\annal\AppData\Local\Programs\MiKTeX\tex/latex/base\book.cls
Document Class: book 2023/05/17 v1.4n Standard LaTeX document class
(C:\Users\annal\AppData\Local\Programs\MiKTeX\tex/latex/base\bk11.clo
File: bk11.clo 2023/05/17 v1.4n Standard LaTeX file (size option)
)
\c@part=\count188
\c@chapter=\count189
\c@section=\count190
\c@subsection=\count191
\c@subsubsection=\count192
\c@paragraph=\count193
\c@subparagraph=\count194
\c@figure=\count195
\c@table=\count196
\abovecaptionskip=\skip48
\belowcaptionskip=\skip49
\bibindent=\dimen140
) (C:\Users\annal\AppData\Local\Programs\MiKTeX\tex/latex/titlepic\titlepic.sty
Package: titlepic 2017/03/14 1.2 Package to display a picture on the title page
) (C:\Users\annal\AppData\Local\Programs\MiKTeX\tex/latex/graphics\graphicx.sty
Package: graphicx 2021/09/16 v1.2d Enhanced LaTeX Graphics (DPC,SPQR)
 (C:\Users\annal\AppData\Local\Programs\MiKTeX\tex/latex/graphics\keyval.sty
Package: keyval 2022/05/29 v1.15 key=value parser (DPC)
\KV@toks@=\toks17
) (C:\Users\annal\AppData\Local\Programs\MiKTeX\tex/latex/graphics\graphics.sty
Package: graphics 2022/03/10 v1.4e Standard LaTeX Graphics (DPC,SPQR)
 (C:\Users\annal\AppData\Local\Programs\MiKTeX\tex/latex/graphics\trig.sty
Package: trig 2021/08/11 v1.11 sin cos tan (DPC)
) (C:\Users\annal\AppData\Local\Programs\MiKTeX\tex/latex/graphics-cfg\graphics.cfg
File: graphics.cfg 2016/06/04 v1.11 sample graphics configuration
)
Package graphics Info: Driver file: pdftex.def on input line 107.
 (C:\Users\annal\AppData\Local\Programs\MiKTeX\tex/latex/graphics-def\pdftex.def
File: pdftex.def 2022/09/22 v1.2b Graphics/color driver for pdftex
))
\Gin@req@height=\dimen141
\Gin@req@width=\dimen142
) (C:\Users\annal\AppData\Local\Programs\MiKTeX\tex/latex/l3backend\l3backend-pdftex.def
File: l3backend-pdftex.def 2024-03-14 L3 backend support: PDF output (pdfTeX)
\l__color_backend_stack_int=\count197
\l__pdf_internal_box=\box51
) (Relatorio_Projeto_ ULA_de_8_operacoes.aux)
\openout1 = `"Relatorio_Projeto_ ULA_de_8_operacoes.aux"'.

LaTeX Font Info:    Checking defaults for OML/cmm/m/it on input line 13.
LaTeX Font Info:    ... okay on input line 13.
LaTeX Font Info:    Checking defaults for OMS/cmsy/m/n on input line 13.
LaTeX Font Info:    ... okay on input line 13.
LaTeX Font Info:    Checking defaults for OT1/cmr/m/n on input line 13.
LaTeX Font Info:    ... okay on input line 13.
LaTeX Font Info:    Checking defaults for T1/cmr/m/n on input line 13.
LaTeX Font Info:    ... okay on input line 13.
LaTeX Font Info:    Checking defaults for TS1/cmr/m/n on input line 13.
LaTeX Font Info:    ... okay on input line 13.
LaTeX Font Info:    Checking defaults for OMX/cmex/m/n on input line 13.
LaTeX Font Info:    ... okay on input line 13.
LaTeX Font Info:    Checking defaults for U/cmr/m/n on input line 13.
LaTeX Font Info:    ... okay on input line 13.
 (C:\Users\annal\AppData\Local\Programs\MiKTeX\tex/context/base/mkii\supp-pdf.mkii
[Loading MPS to PDF converter (version 2006.09.02).]
\scratchcounter=\count198
\scratchdimen=\dimen143
\scratchbox=\box52
\nofMPsegments=\count199
\nofMParguments=\count266
\everyMPshowfont=\toks18
\MPscratchCnt=\count267
\MPscratchDim=\dimen144
\MPnumerator=\count268
\makeMPintoPDFobject=\count269
\everyMPtoPDFconversion=\toks19
) (C:\Users\annal\AppData\Local\Programs\MiKTeX\tex/latex/epstopdf-pkg\epstopdf-base.sty
Package: epstopdf-base 2020-01-24 v2.11 Base part for package epstopdf
Package epstopdf-base Info: Redefining graphics rule for `.eps' on input line 485.
 (C:\Users\annal\AppData\Local\Programs\MiKTeX\tex/latex/00miktex\epstopdf-sys.cfg
File: epstopdf-sys.cfg 2021/03/18 v2.0 Configuration of epstopdf for MiKTeX
))
LaTeX Font Info:    External font `cmex10' loaded for size
(Font)              <12> on input line 14.
LaTeX Font Info:    External font `cmex10' loaded for size
(Font)              <8> on input line 14.
LaTeX Font Info:    External font `cmex10' loaded for size
(Font)              <6> on input line 14.
<UFRJicon.png, id=1, 356.83313pt x 430.60875pt>
File: UFRJicon.png Graphic file (type png)
<use UFRJicon.png>
Package pdftex.def Info: UFRJicon.png  used on input line 14.
(pdftex.def)             Requested size: 178.41612pt x 215.30383pt.
 [1


{C:/Users/annal/AppData/Local/MiKTeX/fonts/map/pdftex/pdftex.map} <./UFRJicon.png>] [2

] (Relatorio_Projeto_ ULA_de_8_operacoes.toc
LaTeX Font Info:    External font `cmex10' loaded for size
(Font)              <10.95> on input line 2.

Overfull \hbox (6.44835pt too wide) detected at line 10
 \OT1/cmr/m/n/10.95 xxvii
 []


Overfull \hbox (3.40668pt too wide) detected at line 12
 \OT1/cmr/m/n/10.95 xxix
 []


Overfull \hbox (3.40668pt too wide) detected at line 13
 \OT1/cmr/m/n/10.95 xxix
 []

)
\tf@toc=\write3
\openout3 = `"Relatorio_Projeto_ ULA_de_8_operacoes.toc"'.

 [1

] [2

] [3] [4]
<Design_TopLevel.png, id=31, 558.888pt x 169.23225pt>
File: Design_TopLevel.png Graphic file (type png)
<use Design_TopLevel.png>
Package pdftex.def Info: Design_TopLevel.png  used on input line 51.
(pdftex.def)             Requested size: 431.9989pt x 130.8102pt.

Overfull \hbox (125.28897pt too wide) in paragraph at lines 51--55
[]\OT1/cmr/m/n/10.95 Analisando
 []

[5

 <./Design_TopLevel.png>]
<Design_Completo.png, id=37, 561.297pt x 257.763pt>
File: Design_Completo.png Graphic file (type png)
<use Design_Completo.png>
Package pdftex.def Info: Design_Completo.png  used on input line 79.
(pdftex.def)             Requested size: 431.9989pt x 198.38766pt.
<Diagrama_de_Fluxo.png, id=38, 514.92375pt x 349.90726pt>
File: Diagrama_de_Fluxo.png Graphic file (type png)
<use Diagrama_de_Fluxo.png>
Package pdftex.def Info: Diagrama_de_Fluxo.png  used on input line 83.
(pdftex.def)             Requested size: 396.0022pt x 269.10371pt.

Underfull \hbox (badness 10000) in paragraph at lines 77--86

 []


Overfull \hbox (71.9989pt too wide) in paragraph at lines 77--86
[] 
 []


Underfull \hbox (badness 10000) in paragraph at lines 77--86

 []


Underfull \hbox (badness 10000) in paragraph at lines 77--86

 []


Overfull \hbox (36.0022pt too wide) in paragraph at lines 77--86
[] 
 []


Underfull \hbox (badness 10000) in paragraph at lines 77--86

 []

[6]
Underfull \vbox (badness 10000) has occurred while \output is active []

 [7 <./Design_Completo.png> <./Diagrama_de_Fluxo.png>]
Underfull \hbox (badness 10000) in paragraph at lines 89--91

 []


Underfull \hbox (badness 10000) in paragraph at lines 89--91

 []

<codigos_divideclock.png, id=51, 693.18974pt x 235.47975pt>
File: codigos_divideclock.png Graphic file (type png)
<use codigos_divideclock.png>
Package pdftex.def Info: codigos_divideclock.png  used on input line 107.
(pdftex.def)             Requested size: 396.0022pt x 134.52307pt.
<RTL_divisordeclock_simulacao_clockdividido.png, id=52, 775.09575pt x 431.81325pt>
File: RTL_divisordeclock_simulacao_clockdividido.png Graphic file (type png)
<use RTL_divisordeclock_simulacao_clockdividido.png>
Package pdftex.def Info: RTL_divisordeclock_simulacao_clockdividido.png  used on input line 110.
(pdftex.def)             Requested size: 396.0022pt x 220.61058pt.

Underfull \hbox (badness 10000) in paragraph at lines 93--112

 []


Underfull \hbox (badness 10000) in paragraph at lines 93--112

 []


Underfull \hbox (badness 10000) in paragraph at lines 93--112

 []


Underfull \hbox (badness 10000) in paragraph at lines 93--112

 []


Underfull \hbox (badness 10000) in paragraph at lines 93--112

 []


Underfull \hbox (badness 10000) in paragraph at lines 93--112

 []


Underfull \hbox (badness 10000) in paragraph at lines 93--112

 []


Overfull \hbox (36.0022pt too wide) in paragraph at lines 93--112
[] 
 []


Underfull \hbox (badness 10000) in paragraph at lines 93--112

 []


Overfull \hbox (73.81015pt too wide) in paragraph at lines 93--112
\OT1/cmr/m/n/10.95 seguir : [] 
 []


Underfull \hbox (badness 10000) in paragraph at lines 93--112

 []


Underfull \hbox (badness 10000) in paragraph at lines 93--112

 []

[8 <./codigos_divideclock.png>]
Underfull \hbox (badness 10000) in paragraph at lines 114--119

 []

<codigo_debouncer.png, id=58, 988.8945pt x 337.86224pt>
File: codigo_debouncer.png Graphic file (type png)
<use codigo_debouncer.png>
Package pdftex.def Info: codigo_debouncer.png  used on input line 120.
(pdftex.def)             Requested size: 396.0022pt x 135.29715pt.
<RTL_botao1_debouncer_simulacao_debouncer.png, id=59, 457.71pt x 340.27126pt>
File: RTL_botao1_debouncer_simulacao_debouncer.png Graphic file (type png)
<use RTL_botao1_debouncer_simulacao_debouncer.png>
Package pdftex.def Info: RTL_botao1_debouncer_simulacao_debouncer.png  used on input line 126.
(pdftex.def)             Requested size: 396.0022pt x 294.40846pt.

Overfull \hbox (53.0022pt too wide) in paragraph at lines 120--128
[][] 
 []


Overfull \hbox (36.0022pt too wide) in paragraph at lines 120--128
[] 
 []


Underfull \hbox (badness 10000) in paragraph at lines 120--128

 []


Underfull \hbox (badness 10000) in paragraph at lines 120--128

 []


Underfull \vbox (badness 2150) has occurred while \output is active []

 [9 <./RTL_divisordeclock_simulacao_clockdividido.png> <./codigo_debouncer.png>] [10 <./RTL_botao1_debouncer_simulacao_debouncer.png>]
<codigo_registradorA.png, id=69, 798.5835pt x 289.08pt>
File: codigo_registradorA.png Graphic file (type png)
<use codigo_registradorA.png>
Package pdftex.def Info: codigo_registradorA.png  used on input line 134.
(pdftex.def)             Requested size: 396.0022pt x 143.34866pt.
<RTL_registradorA.png, id=70, 760.0395pt x 257.16075pt>
File: RTL_registradorA.png Graphic file (type png)
<use RTL_registradorA.png>
Package pdftex.def Info: RTL_registradorA.png  used on input line 140.
(pdftex.def)             Requested size: 396.0022pt x 133.98726pt.
<simulacao_registrador.png, id=71, 796.77675pt x 251.13824pt>
File: simulacao_registrador.png Graphic file (type png)
<use simulacao_registrador.png>
Package pdftex.def Info: simulacao_registrador.png  used on input line 142.
(pdftex.def)             Requested size: 396.0022pt x 124.81773pt.

Underfull \hbox (badness 10000) in paragraph at lines 129--144

 []


Underfull \hbox (badness 10000) in paragraph at lines 129--144

 []


Overfull \hbox (36.0022pt too wide) in paragraph at lines 129--144
[] 
 []


Overfull \hbox (36.0022pt too wide) in paragraph at lines 129--144
[] 
 []


Underfull \hbox (badness 10000) in paragraph at lines 129--144

 []


Overfull \hbox (36.0022pt too wide) in paragraph at lines 129--144
[] 
 []


Underfull \hbox (badness 10000) in paragraph at lines 129--144

 []


Underfull \vbox (badness 10000) has occurred while \output is active []

 [11 <./codigo_registradorA.png> <./RTL_registradorA.png>]
<codigo_contador.png, id=78, 790.75426pt x 269.808pt>
File: codigo_contador.png Graphic file (type png)
<use codigo_contador.png>
Package pdftex.def Info: codigo_contador.png  used on input line 154.
(pdftex.def)             Requested size: 396.0022pt x 135.11363pt.

Underfull \hbox (badness 10000) in paragraph at lines 146--158

 []


Underfull \hbox (badness 10000) in paragraph at lines 146--158

 []


Underfull \hbox (badness 10000) in paragraph at lines 146--158

 []


Underfull \hbox (badness 10000) in paragraph at lines 146--158

 []


Overfull \hbox (36.0022pt too wide) in paragraph at lines 146--158
[] 
 []


Underfull \hbox (badness 10000) in paragraph at lines 146--158

 []

[12 <./simulacao_registrador.png> <./codigo_contador.png>]
<RTL_contadorLEDSdireita_simulacao_contador.png, id=84, 607.068pt x 377.61075pt>
File: RTL_contadorLEDSdireita_simulacao_contador.png Graphic file (type png)
<use RTL_contadorLEDSdireita_simulacao_contador.png>
Package pdftex.def Info: RTL_contadorLEDSdireita_simulacao_contador.png  used on input line 160.
(pdftex.def)             Requested size: 396.0022pt x 246.31987pt.

Overfull \hbox (36.0022pt too wide) in paragraph at lines 158--162
[] 
 []


Underfull \hbox (badness 10000) in paragraph at lines 158--162

 []

<codigo_demuxdecoder.png, id=85, 991.90575pt x 355.3275pt>
File: codigo_demuxdecoder.png Graphic file (type png)
<use codigo_demuxdecoder.png>
Package pdftex.def Info: codigo_demuxdecoder.png  used on input line 170.
(pdftex.def)             Requested size: 396.0022pt x 141.85738pt.
<RTL_demux_decoder_simulacao_decoderDEMUX.png, id=86, 450.483pt x 431.81325pt>
File: RTL_demux_decoder_simulacao_decoderDEMUX.png Graphic file (type png)
<use RTL_demux_decoder_simulacao_decoderDEMUX.png>
Package pdftex.def Info: RTL_demux_decoder_simulacao_decoderDEMUX.png  used on input line 174.
(pdftex.def)             Requested size: 396.0022pt x 379.5949pt.

Underfull \hbox (badness 10000) in paragraph at lines 164--176

 []


Underfull \hbox (badness 10000) in paragraph at lines 164--176

 []


Overfull \hbox (36.0022pt too wide) in paragraph at lines 164--176
[] 
 []


Underfull \hbox (badness 10000) in paragraph at lines 164--176

 []


Overfull \hbox (36.0022pt too wide) in paragraph at lines 164--176
[] 
 []


Underfull \hbox (badness 10000) in paragraph at lines 164--176

 []

[13 <./RTL_contadorLEDSdireita_simulacao_contador.png> <./codigo_demuxdecoder.png>]
<codigo_multiplexer44.png, id=92, 520.94624pt x 175.857pt>
File: codigo_multiplexer44.png Graphic file (type png)
<use codigo_multiplexer44.png>
Package pdftex.def Info: codigo_multiplexer44.png  used on input line 183.
(pdftex.def)             Requested size: 396.0022pt x 133.67953pt.
<RTL_mux24_simulacao_multiplexador24.png, id=93, 551.05875pt x 402.303pt>
File: RTL_mux24_simulacao_multiplexador24.png Graphic file (type png)
<use RTL_mux24_simulacao_multiplexador24.png>
Package pdftex.def Info: RTL_mux24_simulacao_multiplexador24.png  used on input line 189.
(pdftex.def)             Requested size: 396.0022pt x 289.11159pt.

Underfull \hbox (badness 10000) in paragraph at lines 178--191

 []


Overfull \hbox (9.12573pt too wide) in paragraph at lines 178--191
\OT1/cmr/m/n/10.95 flag,entrada,resultado e opera^^Xc~ao apare-ce-ria se-quen-cial-mente. O c^^Sodigo VHDL
 []


Underfull \hbox (badness 10000) in paragraph at lines 178--191

 []


Overfull \hbox (36.0022pt too wide) in paragraph at lines 178--191
[] 
 []


Overfull \hbox (36.0022pt too wide) in paragraph at lines 178--191
[] 
 []


Underfull \hbox (badness 10000) in paragraph at lines 178--191

 []


Underfull \vbox (badness 10000) has occurred while \output is active []

 [14 <./RTL_demux_decoder_simulacao_decoderDEMUX.png>]
<codigo_somador.png, id=98, 693.792pt x 247.52475pt>
File: codigo_somador.png Graphic file (type png)
<use codigo_somador.png>
Package pdftex.def Info: codigo_somador.png  used on input line 198.
(pdftex.def)             Requested size: 396.0022pt x 141.28319pt.
<RTL_modulo_somador_subtrator.png, id=99, 692.5875pt x 296.307pt>
File: RTL_modulo_somador_subtrator.png Graphic file (type png)
<use RTL_modulo_somador_subtrator.png>
Package pdftex.def Info: RTL_modulo_somador_subtrator.png  used on input line 205.
(pdftex.def)             Requested size: 396.0022pt x 169.42574pt.

Underfull \hbox (badness 10000) in paragraph at lines 193--207

 []


Underfull \hbox (badness 10000) in paragraph at lines 193--207

 []


Overfull \hbox (36.0022pt too wide) in paragraph at lines 193--207
[] 
 []


Underfull \hbox (badness 10000) in paragraph at lines 193--207

 []


Overfull \hbox (36.0022pt too wide) in paragraph at lines 193--207
[] 
 []


Underfull \hbox (badness 10000) in paragraph at lines 193--207

 []


Underfull \hbox (badness 10000) in paragraph at lines 193--207

 []


Underfull \vbox (badness 10000) has occurred while \output is active []

 [15 <./codigo_multiplexer44.png> <./RTL_mux24_simulacao_multiplexador24.png>] [16 <./codigo_somador.png> <./RTL_modulo_somador_subtrator.png>]
<codigo_andgate.png, id=110, 694.39426pt x 258.9675pt>
File: codigo_andgate.png Graphic file (type png)
<use codigo_andgate.png>
Package pdftex.def Info: codigo_andgate.png  used on input line 214.
(pdftex.def)             Requested size: 396.0022pt x 147.68806pt.
<RTL_xnor.png, id=111, 686.565pt x 414.348pt>
File: RTL_xnor.png Graphic file (type png)
<use RTL_xnor.png>
Package pdftex.def Info: RTL_xnor.png  used on input line 220.
(pdftex.def)             Requested size: 396.0022pt x 238.98798pt.

Underfull \hbox (badness 10000) in paragraph at lines 209--222

 []


Underfull \hbox (badness 10000) in paragraph at lines 209--222

 []


Overfull \hbox (36.0022pt too wide) in paragraph at lines 209--222
[] 
 []


Overfull \hbox (36.0022pt too wide) in paragraph at lines 209--222
[] 
 []


Underfull \hbox (badness 10000) in paragraph at lines 209--222

 []


Underfull \hbox (badness 10000) in paragraph at lines 209--222

 []


Underfull \vbox (badness 10000) has occurred while \output is active []

 [17 <./codigo_andgate.png> <./RTL_xnor.png>]
Underfull \hbox (badness 10000) in paragraph at lines 224--228

 []


Underfull \hbox (badness 10000) in paragraph at lines 224--228

 []


Underfull \hbox (badness 10000) in paragraph at lines 224--228

 []

<Codigo_ULA.png, id=118, 793.16325pt x 290.88675pt>
File: Codigo_ULA.png Graphic file (type png)
<use Codigo_ULA.png>
Package pdftex.def Info: Codigo_ULA.png  used on input line 234.
(pdftex.def)             Requested size: 396.0022pt x 145.22995pt.
<ULA_comp_cod.png, id=119, 793.16325pt x 311.36325pt>
File: ULA_comp_cod.png Graphic file (type png)
<use ULA_comp_cod.png>
Package pdftex.def Info: ULA_comp_cod.png  used on input line 238.
(pdftex.def)             Requested size: 396.0022pt x 155.45319pt.
<ULA_comp.png, id=120, 793.16325pt x 275.22826pt>
File: ULA_comp.png Graphic file (type png)
<use ULA_comp.png>
Package pdftex.def Info: ULA_comp.png  used on input line 242.
(pdftex.def)             Requested size: 396.0022pt x 137.4122pt.

Underfull \hbox (badness 10000) in paragraph at lines 230--244

 []


Underfull \hbox (badness 10000) in paragraph at lines 230--244

 []


Overfull \hbox (63.37726pt too wide) in paragraph at lines 230--244
[] 
 []


Underfull \hbox (badness 10000) in paragraph at lines 230--244

 []


Overfull \hbox (63.37726pt too wide) in paragraph at lines 230--244
[] 
 []


Underfull \hbox (badness 10000) in paragraph at lines 230--244

 []


Overfull \hbox (63.37726pt too wide) in paragraph at lines 230--244
[] 
 []


Underfull \hbox (badness 10000) in paragraph at lines 230--244

 []

[18 <./Codigo_ULA.png> <./ULA_comp_cod.png>]
<flagss.png, id=126, 796.1745pt x 271.0125pt>
File: flagss.png Graphic file (type png)
<use flagss.png>
Package pdftex.def Info: flagss.png  used on input line 247.
(pdftex.def)             Requested size: 396.0022pt x 134.79877pt.

Underfull \hbox (badness 10000) in paragraph at lines 245--249

 []


Overfull \hbox (63.37726pt too wide) in paragraph at lines 245--249
[] 
 []


Underfull \hbox (badness 10000) in paragraph at lines 245--249

 []

<flags.png, id=127, 796.1745pt x 272.217pt>
File: flags.png Graphic file (type png)
<use flags.png>
Package pdftex.def Info: flags.png  used on input line 251.
(pdftex.def)             Requested size: 396.0022pt x 135.39787pt.

Underfull \hbox (badness 10000) in paragraph at lines 249--253

 []


Overfull \hbox (63.37726pt too wide) in paragraph at lines 249--253
[] 
 []


Underfull \hbox (badness 10000) in paragraph at lines 249--253

 []


Underfull \vbox (badness 10000) has occurred while \output is active []

 [19 <./ULA_comp.png> <./flagss.png>]
<Simulacao_RTL.png, id=133, 793.16325pt x 422.7795pt>
File: Simulacao_RTL.png Graphic file (type png)
<use Simulacao_RTL.png>
Package pdftex.def Info: Simulacao_RTL.png  used on input line 257.
(pdftex.def)             Requested size: 396.0022pt x 211.07957pt.
<Simulacao_ULA.png, id=134, 790.152pt x 245.718pt>
File: Simulacao_ULA.png Graphic file (type png)
<use Simulacao_ULA.png>
Package pdftex.def Info: Simulacao_ULA.png  used on input line 259.
(pdftex.def)             Requested size: 396.0022pt x 123.14738pt.
<Config_Bancada_ULA.png, id=135, 787.14075pt x 380.622pt>
File: Config_Bancada_ULA.png Graphic file (type png)
<use Config_Bancada_ULA.png>
Package pdftex.def Info: Config_Bancada_ULA.png  used on input line 265.
(pdftex.def)             Requested size: 396.0022pt x 191.4895pt.

Underfull \hbox (badness 10000) in paragraph at lines 254--267

 []


Overfull \hbox (36.0022pt too wide) in paragraph at lines 254--267
[] 
 []


Underfull \hbox (badness 10000) in paragraph at lines 254--267

 []


Overfull \hbox (36.0022pt too wide) in paragraph at lines 254--267
[] 
 []


Underfull \hbox (badness 10000) in paragraph at lines 254--267

 []


Overfull \hbox (36.0022pt too wide) in paragraph at lines 254--267
[] 
 []


Underfull \hbox (badness 10000) in paragraph at lines 254--267

 []


Underfull \hbox (badness 10000) in paragraph at lines 254--267

 []


Underfull \vbox (badness 10000) has occurred while \output is active []

 [20 <./flags.png> <./Simulacao_RTL.png>]
Underfull \hbox (badness 10000) in paragraph at lines 269--273

 []

[21 <./Simulacao_ULA.png> <./Config_Bancada_ULA.png>]
<Codigo_Bancada.png, id=146, 989.49675pt x 336.0555pt>
File: Codigo_Bancada.png Graphic file (type png)
<use Codigo_Bancada.png>
Package pdftex.def Info: Codigo_Bancada.png  used on input line 281.
(pdftex.def)             Requested size: 396.0022pt x 134.4916pt.

Underfull \hbox (badness 10000) in paragraph at lines 279--283

 []


Overfull \hbox (36.0022pt too wide) in paragraph at lines 279--283
[] 
 []


Underfull \hbox (badness 10000) in paragraph at lines 279--283

 []

[22 <./Codigo_Bancada.png>]
<Codigo_Map.png, id=151, 990.70125pt x 337.86224pt>
File: Codigo_Map.png Graphic file (type png)
<use Codigo_Map.png>
Package pdftex.def Info: Codigo_Map.png  used on input line 285.
(pdftex.def)             Requested size: 396.0022pt x 135.0497pt.
<Codigo_Arquitetura.png, id=152, 990.70125pt x 337.26pt>
File: Codigo_Arquitetura.png Graphic file (type png)
<use Codigo_Arquitetura.png>
Package pdftex.def Info: Codigo_Arquitetura.png  used on input line 289.
(pdftex.def)             Requested size: 396.0022pt x 134.80898pt.
<Codigo_Sinais.png, id=153, 989.49675pt x 340.27126pt>
File: Codigo_Sinais.png Graphic file (type png)
<use Codigo_Sinais.png>
Package pdftex.def Info: Codigo_Sinais.png  used on input line 293.
(pdftex.def)             Requested size: 396.0022pt x 136.17877pt.

Underfull \hbox (badness 10000) in paragraph at lines 283--295

 []


Overfull \hbox (36.0022pt too wide) in paragraph at lines 283--295
[] 
 []


Underfull \hbox (badness 10000) in paragraph at lines 283--295

 []


Overfull \hbox (36.0022pt too wide) in paragraph at lines 283--295
[] 
 []


Underfull \hbox (badness 10000) in paragraph at lines 283--295

 []


Overfull \hbox (36.0022pt too wide) in paragraph at lines 283--295
[] 
 []


Underfull \hbox (badness 10000) in paragraph at lines 283--295

 []

[23 <./Codigo_Map.png> <./Codigo_Arquitetura.png> <./Codigo_Sinais.png>]
<Esquematico_RTL.png, id=161, 988.8945pt x 212.59425pt>
File: Esquematico_RTL.png Graphic file (type png)
<use Esquematico_RTL.png>
Package pdftex.def Info: Esquematico_RTL.png  used on input line 298.
(pdftex.def)             Requested size: 396.0022pt x 85.1335pt.
<Simulacao_Bancada_de_Testes.png, id=162, 988.8945pt x 340.27126pt>
File: Simulacao_Bancada_de_Testes.png Graphic file (type png)
<use Simulacao_Bancada_de_Testes.png>
Package pdftex.def Info: Simulacao_Bancada_de_Testes.png  used on input line 302.
(pdftex.def)             Requested size: 396.0022pt x 136.26184pt.
<Porta_AND.png, id=163, 988.8945pt x 352.9185pt>
File: Porta_AND.png Graphic file (type png)
<use Porta_AND.png>
Package pdftex.def Info: Porta_AND.png  used on input line 308.
(pdftex.def)             Requested size: 396.0022pt x 141.32645pt.
<Porta_OR.png, id=164, 988.29225pt x 354.123pt>
File: Porta_OR.png Graphic file (type png)
<use Porta_OR.png>
Package pdftex.def Info: Porta_OR.png  used on input line 312.
(pdftex.def)             Requested size: 396.0022pt x 141.89523pt.
<Porta_XOR.png, id=165, 991.3035pt x 361.95226pt>
File: Porta_XOR.png Graphic file (type png)
<use Porta_XOR.png>
Package pdftex.def Info: Porta_XOR.png  used on input line 316.
(pdftex.def)             Requested size: 396.0022pt x 144.59055pt.

Underfull \hbox (badness 10000) in paragraph at lines 295--319

 []


Overfull \hbox (36.0022pt too wide) in paragraph at lines 295--319
[] 
 []


Underfull \hbox (badness 10000) in paragraph at lines 295--319

 []


Underfull \hbox (badness 10000) in paragraph at lines 295--319

 []


Overfull \hbox (36.0022pt too wide) in paragraph at lines 295--319
[] 
 []


Underfull \hbox (badness 10000) in paragraph at lines 295--319

 []


Underfull \hbox (badness 10000) in paragraph at lines 295--319

 []


Underfull \hbox (badness 10000) in paragraph at lines 295--319

 []


Overfull \hbox (36.0022pt too wide) in paragraph at lines 295--319
[] 
 []


Underfull \hbox (badness 10000) in paragraph at lines 295--319

 []


Underfull \hbox (badness 10000) in paragraph at lines 295--319

 []


Overfull \hbox (36.0022pt too wide) in paragraph at lines 295--319
[] 
 []


Underfull \hbox (badness 10000) in paragraph at lines 295--319

 []


Underfull \hbox (badness 10000) in paragraph at lines 295--319

 []


Overfull \hbox (36.0022pt too wide) in paragraph at lines 295--319
[] 
 []


Underfull \hbox (badness 10000) in paragraph at lines 295--319

 []


Underfull \vbox (badness 10000) has occurred while \output is active []

 [24 <./Esquematico_RTL.png> <./Simulacao_Bancada_de_Testes.png> <./Porta_AND.png>] [25 <./Porta_OR.png> <./Porta_XOR.png>] [26

]
Overfull \hbox (13.943pt too wide) in paragraph at lines 324--325
[]\OT1/cmr/m/n/10.95 Organizar o pro-jeto em m^^Sodulos sep-a-ra-dos pos-si-bil-i-tou a f^^Sacil manuten^^Xc~ao
 []


Overfull \hbox (2.27692pt too wide) in paragraph at lines 325--326
[]\OT1/cmr/m/n/10.95 Fez-se claro in-telig^^S^^Pvel como o PORT MAP, SIG-NAL, COM-PO-NENTS,
 []

[27] [28

]
Overfull \hbox (72.31262pt too wide) in paragraph at lines 333--334
[]\OT1/cmr/m/n/10.95 Introdu^^Xc~ao ^^Ra lin-guagem VHDL: https://www.gta.ufrj.br/ensino/EEL480/Introducao-
 []


Overfull \hbox (3.63054pt too wide) in paragraph at lines 334--335
[]\OT1/cmr/m/n/10.95 UFSJ : https://ufsj.edu.br/portal2-repositorio/File/nepomuceno/fpga-
 []


Overfull \hbox (104.85867pt too wide) in paragraph at lines 341--342
[]\OT1/cmr/m/n/10.95 Divisor de Clock: https://www.youtube.com/watch?v=XyIkr8OkDYU&list=WL&index=1; 
 []


Overfull \hbox (150.02731pt too wide) in paragraph at lines 342--343
[]\OT1/cmr/m/n/10.95 Quartus Prime : https://www.intel.com.br/content/www/br/pt/products/details/fpga/development-
 []

[29] (Relatorio_Projeto_ ULA_de_8_operacoes.aux)
 ***********
LaTeX2e <2023-11-01> patch level 1
L3 programming layer <2024-03-14>
 ***********
 ) 
Here is how much of TeX's memory you used:
 1647 strings out of 474424
 31615 string characters out of 5741739
 1933496 words of memory out of 5000000
 24020 multiletter control sequences out of 15000+600000
 564880 words of font info for 58 fonts, out of 8000000 for 9000
 1141 hyphenation exceptions out of 8191
 57i,10n,65p,734b,253s stack positions out of 10000i,1000n,20000p,200000b,200000s
 <C:\Users\annal\AppData\Local\MiKTeX\fonts/pk/ljfour/jknappen/ec/dpi600\tcrm1095.pk> <C:\Users\annal\AppData\Local\MiKTeX\fonts/pk/ljfour/jknappen/ec/dpi600\tcrm1728.pk><C:/Users/annal/AppData/Local/Programs/MiKTeX/fonts/type1/public/amsfonts/cm/cmbx10.pfb><C:/Users/annal/AppData/Local/Programs/MiKTeX/fonts/type1/public/amsfonts/cm/cmbx12.pfb><C:/Users/annal/AppData/Local/Programs/MiKTeX/fonts/type1/public/amsfonts/cm/cmmi10.pfb><C:/Users/annal/AppData/Local/Programs/MiKTeX/fonts/type1/public/amsfonts/cm/cmmi8.pfb><C:/Users/annal/AppData/Local/Programs/MiKTeX/fonts/type1/public/amsfonts/cm/cmr10.pfb><C:/Users/annal/AppData/Local/Programs/MiKTeX/fonts/type1/public/amsfonts/cm/cmr12.pfb><C:/Users/annal/AppData/Local/Programs/MiKTeX/fonts/type1/public/amsfonts/cm/cmr17.pfb><C:/Users/annal/AppData/Local/Programs/MiKTeX/fonts/type1/public/amsfonts/cm/cmr8.pfb><C:/Users/annal/AppData/Local/Programs/MiKTeX/fonts/type1/public/amsfonts/cm/cmsl10.pfb><C:/Users/annal/AppData/Local/Programs/MiKTeX/fonts/type1/public/amsfonts/cm/cmsy10.pfb><C:/Users/annal/AppData/Local/Programs/MiKTeX/fonts/type1/public/amsfonts/cm/cmsy8.pfb>
Output written on "Relatorio_Projeto_ ULA_de_8_operacoes.pdf" (31 pages, 5511768 bytes).
PDF statistics:
 244 PDF objects out of 1000 (max. 8388607)
 0 named destinations out of 1000 (max. 500000)
 191 words of extra memory for PDF output out of 10000 (max. 10000000)

